<?xml version="1.0" encoding="UTF-8"?>
<testng-results ignored="0" total="2" passed="2" failed="0" skipped="0">
  <reporter-output>
  </reporter-output>
  <suite started-at="2026-04-27T18:00:56 CST" name="api-test-suite" finished-at="2026-04-27T18:00:57 CST" duration-ms="1153">
    <groups>
    </groups>
    <test started-at="2026-04-27T18:00:56 CST" name="api-tests" finished-at="2026-04-27T18:00:57 CST" duration-ms="1153">
      <class name="tests.ApiTestRunner">
        <test-method signature="run(model.ApiCase)[pri:0, instance:tests.ApiTestRunner@5ab9e72c]" started-at="2026-04-27T18:00:56 CST" name="run" data-provider="apiCases" finished-at="2026-04-27T18:00:56 CST" duration-ms="352" status="PASS">
          <params>
            <param index="0">
              <value>
                <![CDATA[model.ApiCase@4efac082]]>
              </value>
            </param>
          </params>
          <reporter-output>
          </reporter-output>
        </test-method> <!-- run -->
        <test-method signature="run(model.ApiCase)[pri:0, instance:tests.ApiTestRunner@5ab9e72c]" started-at="2026-04-27T18:00:56 CST" name="run" data-provider="apiCases" finished-at="2026-04-27T18:00:57 CST" duration-ms="748" status="PASS">
          <params>
            <param index="0">
              <value>
                <![CDATA[model.ApiCase@1dd6d4b7]]>
              </value>
            </param>
          </params>
          <reporter-output>
          </reporter-output>
        </test-method> <!-- run -->
      </class> <!-- tests.ApiTestRunner -->
    </test> <!-- api-tests -->
  </suite> <!-- api-test-suite -->
</testng-results>
