<?xml version="1.0" encoding="UTF-8"?>
<testsuite xmlns:xsi="http://www.w3.org/2001/XMLSchema-instance" xsi:noNamespaceSchemaLocation="https://maven.apache.org/surefire/maven-surefire-plugin/xsd/surefire-test-report.xsd" version="3.0.2" name="TestSuite" time="1.773" tests="2" errors="0" skipped="0" failures="0">
  <properties>
[...]
</properties>
  <testcase name="run[model.ApiCase@4efac082](1)" classname="tests.ApiTestRunner" time="0.352">
    <system-out><![CDATA[========== API TEST ==========
caseId: LOGIN001
module: 登录
apiName: 用户登录
method: GET
url: http://10.6.20.233:8891/backend/zlt/teammate/login?userName=xxx&password=
requestBody: 
responseBody: {"code":1001,"msg":"用户不存在","data":null}
elapsedMs: 63
==============================
]]></system-out>
    <system-err><![CDATA[SLF4J: Failed to load class "org.slf4j.impl.StaticLoggerBinder".
SLF4J: Defaulting to no-operation (NOP) logger implementation
SLF4J: See http://www.slf4j.org/codes.html#StaticLoggerBinder for further details.
]]></system-err>
  </testcase>
  <testcase name="run[model.ApiCase@1dd6d4b7](2)" classname="tests.ApiTestRunner" time="0.751">
    <system-out><![CDATA[========== API TEST ==========
caseId: RI001
module: 路线信息
apiName: 路线分页查询
method: POST
url: http://10.6.20.233:9050/infoRoadSection/getInfoRoadSectionListPage
requestBody: {
  "areaCode": 330000,
  "decisionObjectType": 2,
  "pageSize": 10,
  "pageNum": 1
}

responseBody: {"code":1000,"msg":"操作成功","data":{"records":[{"id":10000005,"versionYear":2024,"createTime":"2025-03-10 09:51:40","updateTime":"2025-03-24 16:58:02","isDel":0,"roadNo":"C001330111","roadName":"五丰前砂-五丰后砂","roadSectionNo":"C001330111001","governmentLevel":7,"governmentLevelName":"村道","cityCode":330100,"cityName":"杭州市","countyCode":330111,"countyName":"富阳区","townCode":330111005,"townName":"东洲街道","startName":"前砂村","endName":"后砂村","startMilestone":0.000,"endMilestone":4.462,"startIsDemarc":null,"endIsDemarc":null,"startDemarcType":9,"isLinkUp":0,"isCity":0,"endDemarcType":9,"mileage":4.462,"technicalLevel":14,"technicalLevelName":"四级","isYfMotorway":0,"isYfMotorwayName":"否","laneCnt":2,"surfacePavingType":11,"surfacePavingTypeName":"沥青混凝土","surfaceMaterialType":"A","pavementWidth":6.00,"subgradeWidth":7.00,"surfaceThickness":null,"designSpeed":30.00,"seismicLevel":null,"seismicLevelName":"","floodFrequency":null,"floodFrequencyName":"","buildYear":1900,"rebuildYear":null,"lastMaintenanceYear":null,"breakChainType":0,"breakChainTypeName":"正常路段","isCityManagement":0,"isCityManagementName":"否","isDeadEnd":0,"isDeadEndName":"否","isFerry":0,"isFerryName":"否","isFerryVehicle":0,"isFerryVehicleName":"否","isLongChain":0,"isLongChainName":"未知","isRepeat":0,"isRepeatName":"否","reMainRoadNo":null,"reMainRoadName":null,"reMainRoadSectionNo":null,"reMainStartStation":null,"reMainEndStation":null,"reMainIsLongChain":null,"reMainIsLongChainName":null,"landform":null,"landformName":"","slopeLength":null,"slope":null,"culvertCnt":4,"maintenanceMileage":4.462,"canGreenMileage":4.462,"greenMileage":4.462,"maintUnitNature":null,"maintMgtUnit":"3320111","maintMgtUnitName":"富阳区交通运输管理服务中心(县乡)","maintUnitName":null,"supervisionUnitName":null,"chargeNature":1,"chargeNatureName":"非收费","interProvinceEntryExit":null,"interProvinceEntryExitName":"","beforeEndStation":4.462,"beforeStartStation":0.000,"beforeRoadNo":"C001330111","direction":"AB","directionName":"双向","isSeparating":null,"isSeparatingName":"未知","isTransferedMaintUnit":0,"isTransferedMaintUnitName":"否","limitLength":null,"limitWidth":null,"limitHeight":null,"limitWeight":null,"remark":null,"dataSource":2,"modifyReason":"10","isBuildCompleted":null,"geoAR":null,"geoDetection":null,"colorTrafficOS":-1,"colorRoadCondition":-1,"areaCodes":null},{"id":10000006,"versionYear":2024,"createTime":"2025-03-10 09:51:40","updateTime":"2025-03-24 16:58:02","isDel":0,"roadNo":"C001330111","roadName":"五丰前砂-五丰后砂","roadSectionNo":"C001330111002","governmentLevel":7,"governmentLevelName":"村道","cityCode":330100,"cityName":"杭州市","countyCode":330111,"countyName":"富阳区","townCode":330111005,"townName":"东洲街道","startName":"后砂村","endName":"后砂村","startMilestone":4.462,"endMilestone":5.327,"startIsDemarc":null,"endIsDemarc":null,"startDemarcType":9,"isLinkUp":0,"isCity":0,"endDemarcType":9,"mileage":0.865,"technicalLevel":14,"technicalLevelName":"四级","isYfMotorway":0,"isYfMotorwayName":"否","laneCnt":1,"surfacePavingType":11,"surfacePavingTypeName":"沥青混凝土","surfaceMaterialType":"A","pavementWidth":5.50,"subgradeWidth":6.00,"surfaceThickness":null,"designSpeed":30.00,"seismicLevel":null,"seismicLevelName":"","floodFrequency":null,"floodFrequencyName":"","buildYear":1900,"rebuildYear":2019,"lastMaintenanceYear":null,"breakChainType":0,"breakChainTypeName":"正常路段","isCityManagement":0,"isCityManagementName":"否","isDeadEnd":0,"isDeadEndName":"否","isFerry":0,"isFerryName":"否","isFerryVehicle":0,"isFerryVehicleName":"否","isLongChain":0,"isLongChainName":"未知","isRepeat":0,"isRepeatName":"否","reMainRoadNo":null,"reMainRoadName":null,"reMainRoadSectionNo":null,"reMainStartStation":null,"reMainEndStation":null,"reMainIsLongChain":null,"reMainIsLongChainName":null,"landform":null,"landformName":"","slopeLength":null,"slope":null,"culvertCnt":1,"maintenanceMileage":0.865,"canGreenMileage":0.865,"greenMileage":0.865,"maintUnitNature":null,"maintMgtUnit":"3320111","maintMgtUnitName":"富阳区交通运输管理服务中心(县乡)","maintUnitName":null,"supervisionUnitName":null,"chargeNature":1,"chargeNatureName":"非收费","interProvinceEntryExit":null,"interProvinceEntryExitName":"","beforeEndStation":5.327,"beforeStartStation":4.462,"beforeRoadNo":"C001330111","direction":"AB","directionName":"双向","isSeparating":null,"isSeparatingName":"未知","isTransferedMaintUnit":0,"isTransferedMaintUnitName":"否","limitLength":null,"limitWidth":null,"limitHeight":null,"limitWeight":null,"remark":null,"dataSource":2,"modifyReason":"10","isBuildCompleted":null,"geoAR":null,"geoDetection":null,"colorTrafficOS":-1,"colorRoadCondition":-1,"areaCodes":null},{"id":10000007,"versionYear":2024,"createTime":"2025-03-10 09:51:40","updateTime":"2025-03-24 16:58:02","isDel":0,"roadNo":"C001330111","roadName":"五丰前砂-五丰后砂","roadSectionNo":"C001330111003","governmentLevel":7,"governmentLevelName":"村道","cityCode":330100,"cityName":"杭州市","countyCode":330111,"countyName":"富阳区","townCode":330111005,"townName":"东洲街道","startName":"后砂村","endName":"后砂村","startMilestone":5.327,"endMilestone":5.767,"startIsDemarc":null,"endIsDemarc":null,"startDemarcType":9,"isLinkUp":0,"isCity":0,"endDemarcType":9,"mileage":0.440,"technicalLevel":14,"technicalLevelName":"四级","isYfMotorway":0,"isYfMotorwayName":"否","laneCnt":1,"surfacePavingType":11,"surfacePavingTypeName":"沥青混凝土","surfaceMaterialType":"A","pavementWidth":4.00,"subgradeWidth":4.50,"surfaceThickness":null,"designSpeed":30.00,"seismicLevel":null,"seismicLevelName":"","floodFrequency":null,"floodFrequencyName":"","buildYear":1900,"rebuildYear":2019,"lastMaintenanceYear":null,"breakChainType":0,"breakChainTypeName":"正常路段","isCityManagement":0,"isCityManagementName":"否","isDeadEnd":0,"isDeadEndName":"否","isFerry":0,"isFerryName":"否","isFerryVehicle":0,"isFerryVehicleName":"否","isLongChain":0,"isLongChainName":"未知","isRepeat":0,"isRepeatName":"否","reMainRoadNo":null,"reMainRoadName":null,"reMainRoadSectionNo":null,"reMainStartStation":null,"reMainEndStation":null,"reMainIsLongChain":null,"reMainIsLongChainName":null,"landform":null,"landformName":"","slopeLength":null,"slope":null,"culvertCnt":2,"maintenanceMileage":0.440,"canGreenMileage":0.440,"greenMileage":0.440,"maintUnitNature":null,"maintMgtUnit":"3320111","maintMgtUnitName":"富阳区交通运输管理服务中心(县乡)","maintUnitName":null,"supervisionUnitName":null,"chargeNature":1,"chargeNatureName":"非收费","interProvinceEntryExit":null,"interProvinceEntryExitName":"","beforeEndStation":5.767,"beforeStartStation":5.327,"beforeRoadNo":"C001330111","direction":"AB","directionName":"双向","isSeparating":null,"isSeparatingName":"未知","isTransferedMaintUnit":0,"isTransferedMaintUnitName":"否","limitLength":null,"limitWidth":null,"limitHeight":null,"limitWeight":null,"remark":null,"dataSource":2,"modifyReason":"10","isBuildCompleted":null,"geoAR":null,"geoDetection":null,"colorTrafficOS":-1,"colorRoadCondition":-1,"areaCodes":null},{"id":10000008,"versionYear":2024,"createTime":"2025-03-10 09:51:40","updateTime":"2025-03-24 16:58:02","isDel":0,"roadNo":"C001330112","roadName":"青玉线","roadSectionNo":"C001330112001","governmentLevel":7,"governmentLevelName":"村道","cityCode":330100,"cityName":"杭州市","countyCode":330112,"countyName":"临安区","townCode":330112008,"townName":"青山湖街道","startName":"青牧线","endName":"玉照","startMilestone":0.000,"endMilestone":1.352,"startIsDemarc":null,"endIsDemarc":null,"startDemarcType":9,"isLinkUp":0,"isCity":0,"endDemarcType":9,"mileage":1.352,"technicalLevel":14,"technicalLevelName":"四级","isYfMotorway":0,"isYfMotorwayName":"否","laneCnt":1,"surfacePavingType":11,"surfacePavingTypeName":"沥青混凝土","surfaceMaterialType":"A","pavementWidth":5.00,"subgradeWidth":6.00,"surfaceThickness":null,"designSpeed":20.00,"seismicLevel":null,"seismicLevelName":"","floodFrequency":null,"floodFrequencyName":"","buildYear":2005,"rebuildYear":2021,"lastMaintenanceYear":2021,"breakChainType":0,"breakChainTypeName":"正常路段","isCityManagement":0,"isCityManagementName":"否","isDeadEnd":0,"isDeadEndName":"否","isFerry":0,"isFerryName":"否","isFerryVehicle":0,"isFerryVehicleName":"否","isLongChain":0,"isLongChainName":"未知","isRepeat":0,"isRepeatName":"否","reMainRoadNo":null,"reMainRoadName":null,"reMainRoadSectionNo":null,"reMainStartStation":null,"reMainEndStation":null,"reMainIsLongChain":null,"reMainIsLongChainName":null,"landform":null,"landformName":"","slopeLength":null,"slope":null,"culvertCnt":0,"maintenanceMileage":1.352,"canGreenMileage":1.352,"greenMileage":1.352,"maintUnitNature":null,"maintMgtUnit":"3320112","maintMgtUnitName":"杭州市临安区公路服务中心(县乡)","maintUnitName":null,"supervisionUnitName":null,"chargeNature":1,"chargeNatureName":"非收费","interProvinceEntryExit":null,"interProvinceEntryExitName":"","beforeEndStation":1.352,"beforeStartStation":0.000,"beforeRoadNo":"C001330112","direction":"AB","directionName":"双向","isSeparating":null,"isSeparatingName":"未知","isTransferedMaintUnit":0,"isTransferedMaintUnitName":"否","limitLength":null,"limitWidth":null,"limitHeight":null,"limitWeight":null,"remark":"09年村道合并","dataSource":2,"modifyReason":"10","isBuildCompleted":null,"geoAR":null,"geoDetection":null,"colorTrafficOS":-1,"colorRoadCondition":-1,"areaCodes":null},{"id":10000009,"versionYear":2024,"createTime":"2025-03-10 09:51:40","updateTime":"2025-03-24 16:58:19","isDel":0,"roadNo":"C001330122","roadName":"冷冻厂-施家","roadSectionNo":"C001330122001","governmentLevel":7,"governmentLevelName":"村道","cityCode":330100,"cityName":"杭州市","countyCode":330122,"countyName":"桐庐县","townCode":330122101,"townName":"富春江镇","startName":"冷冻厂","endName":"施家","startMilestone":0.000,"endMilestone":1.687,"startIsDemarc":null,"endIsDemarc":null,"startDemarcType":9,"isLinkUp":0,"isCity":0,"endDemarcType":9,"mileage":1.687,"technicalLevel":14,"technicalLevelName":"四级","isYfMotorway":0,"isYfMotorwayName":"否","laneCnt":1,"surfacePavingType":12,"surfacePavingTypeName":"水泥混凝土","surfaceMaterialType":"C","pavementWidth":3.50,"subgradeWidth":4.50,"surfaceThickness":null,"designSpeed":20.00,"seismicLevel":null,"seismicLevelName":"","floodFrequency":null,"floodFrequencyName":"","buildYear":2006,"rebuildYear":2018,"lastMaintenanceYear":null,"breakChainType":0,"breakChainTypeName":"正常路段","isCityManagement":0,"isCityManagementName":"否","isDeadEnd":0,"isDeadEndName":"否","isFerry":0,"isFerryName":"否","isFerryVehicle":0,"isFerryVehicleName":"否","isLongChain":0,"isLongChainName":"未知","isRepeat":0,"isRepeatName":"否","reMainRoadNo":null,"reMainRoadName":null,"reMainRoadSectionNo":null,"reMainStartStation":null,"reMainEndStation":null,"reMainIsLongChain":null,"reMainIsLongChainName":null,"landform":null,"landformName":"","slopeLength":null,"slope":null,"culvertCnt":3,"maintenanceMileage":1.687,"canGreenMileage":1.687,"greenMileage":1.687,"maintUnitNature":null,"maintMgtUnit":"3320122","maintMgtUnitName":"桐庐县公路服务中心(县乡)","maintUnitName":null,"supervisionUnitName":null,"chargeNature":1,"chargeNatureName":"非收费","interProvinceEntryExit":null,"interProvinceEntryExitName":"","beforeEndStation":1.687,"beforeStartStation":0.000,"beforeRoadNo":"C001330122","direction":"AB","directionName":"双向","isSeparating":null,"isSeparatingName":"未知","isTransferedMaintUnit":0,"isTransferedMaintUnitName":"否","limitLength":null,"limitWidth":null,"limitHeight":null,"limitWeight":null,"remark":null,"dataSource":2,"modifyReason":"10","isBuildCompleted":null,"geoAR":null,"geoDetection":null,"colorTrafficOS":-1,"colorRoadCondition":-1,"areaCodes":null},{"id":10000010,"versionYear":2024,"createTime":"2025-03-10 09:51:40","updateTime":"2025-03-24 16:58:02","isDel":0,"roadNo":"C001330127","roadName":"塘源线","roadSectionNo":"C001330127001","governmentLevel":7,"governmentLevelName":"村道","cityCode":330100,"cityName":"杭州市","countyCode":330127,"countyName":"淳安县","townCode":330127201,"townName":"金峰乡","startName":"塘畈","endName":"塘源线0.39","startMilestone":0.000,"endMilestone":0.390,"startIsDemarc":null,"endIsDemarc":null,"startDemarcType":9,"isLinkUp":0,"isCity":0,"endDemarcType":9,"mileage":0.390,"technicalLevel":14,"technicalLevelName":"四级","isYfMotorway":0,"isYfMotorwayName":"否","laneCnt":1,"surfacePavingType":11,"surfacePavingTypeName":"沥青混凝土","surfaceMaterialType":"A","pavementWidth":4.00,"subgradeWidth":5.00,"surfaceThickness":null,"designSpeed":20.00,"seismicLevel":null,"seismicLevelName":"","floodFrequency":null,"floodFrequencyName":"","buildYear":2006,"rebuildYear":null,"lastMaintenanceYear":null,"breakChainType":0,"breakChainTypeName":"正常路段","isCityManagement":0,"isCityManagementName":"否","isDeadEnd":0,"isDeadEndName":"否","isFerry":0,"isFerryName":"否","isFerryVehicle":0,"isFerryVehicleName":"否","isLongChain":0,"isLongChainName":"未知","isRepeat":0,"isRepeatName":"否","reMainRoadNo":null,"reMainRoadName":null,"reMainRoadSectionNo":null,"reMainStartStation":null,"reMainEndStation":null,"reMainIsLongChain":null,"reMainIsLongChainName":null,"landform":null,"landformName":"","slopeLength":null,"slope":null,"culvertCnt":0,"maintenanceMileage":0.390,"canGreenMileage":0.378,"greenMileage":0.378,"maintUnitNature":null,"maintMgtUnit":"3320127","maintMgtUnitName":"淳安县公路服务中心(县乡)","maintUnitName":null,"supervisionUnitName":null,"chargeNature":1,"chargeNatureName":"非收费","interProvinceEntryExit":null,"interProvinceEntryExitName":"","beforeEndStation":0.390,"beforeStartStation":0.000,"beforeRoadNo":"C001330127","direction":"AB","directionName":"双向","isSeparating":null,"isSeparatingName":"未知","isTransferedMaintUnit":0,"isTransferedMaintUnitName":"否","limitLength":null,"limitWidth":null,"limitHeight":null,"limitWeight":null,"remark":null,"dataSource":2,"modifyReason":"10","isBuildCompleted":null,"geoAR":null,"geoDetection":null,"colorTrafficOS":-1,"colorRoadCondition":-1,"areaCodes":null},{"id":10000011,"versionYear":2024,"createTime":"2025-03-10 09:51:40","updateTime":"2025-03-24 16:58:19","isDel":0,"roadNo":"C001330127","roadName":"塘源线","roadSectionNo":"C001330127002","governmentLevel":7,"governmentLevelName":"村道","cityCode":330100,"cityName":"杭州市","countyCode":330127,"countyName":"淳安县","townCode":330127201,"townName":"金峰乡","startName":"塘源线0.39","endName":"源头","startMilestone":0.390,"endMilestone":3.615,"startIsDemarc":null,"endIsDemarc":null,"startDemarcType":9,"isLinkUp":0,"isCity":0,"endDemarcType":9,"mileage":3.225,"technicalLevel":14,"technicalLevelName":"四级","isYfMotorway":0,"isYfMotorwayName":"否","laneCnt":1,"surfacePavingType":12,"surfacePavingTypeName":"水泥混凝土","surfaceMaterialType":"C","pavementWidth":4.00,"subgradeWidth":5.00,"surfaceThickness":null,"designSpeed":20.00,"seismicLevel":null,"seismicLevelName":"","floodFrequency":null,"floodFrequencyName":"","buildYear":2006,"rebuildYear":null,"lastMaintenanceYear":null,"breakChainType":0,"breakChainTypeName":"正常路段","isCityManagement":0,"isCityManagementName":"否","isDeadEnd":0,"isDeadEndName":"否","isFerry":0,"isFerryName":"否","isFerryVehicle":0,"isFerryVehicleName":"否","isLongChain":0,"isLongChainName":"未知","isRepeat":0,"isRepeatName":"否","reMainRoadNo":null,"reMainRoadName":null,"reMainRoadSectionNo":null,"reMainStartStation":null,"reMainEndStation":null,"reMainIsLongChain":null,"reMainIsLongChainName":null,"landform":null,"landformName":"","slopeLength":null,"slope":null,"culvertCnt":0,"maintenanceMileage":3.225,"canGreenMileage":3.225,"greenMileage":3.225,"maintUnitNature":null,"maintMgtUnit":"3320127","maintMgtUnitName":"淳安县公路服务中心(县乡)","maintUnitName":null,"supervisionUnitName":null,"chargeNature":1,"chargeNatureName":"非收费","interProvinceEntryExit":null,"interProvinceEntryExitName":"","beforeEndStation":3.615,"beforeStartStation":0.390,"beforeRoadNo":"C001330127","direction":"AB","directionName":"双向","isSeparating":null,"isSeparatingName":"未知","isTransferedMaintUnit":0,"isTransferedMaintUnitName":"否","limitLength":null,"limitWidth":null,"limitHeight":null,"limitWeight":null,"remark":null,"dataSource":2,"modifyReason":"10","isBuildCompleted":null,"geoAR":null,"geoDetection":null,"colorTrafficOS":-1,"colorRoadCondition":-1,"areaCodes":null},{"id":10000012,"versionYear":2024,"createTime":"2025-03-10 09:51:40","updateTime":"2025-03-24 16:58:02","isDel":0,"roadNo":"C001330182","roadName":"安钦线-大溪边","roadSectionNo":"C001330182001","governmentLevel":7,"governmentLevelName":"村道","cityCode":330100,"cityName":"杭州市","countyCode":330182,"countyName":"建德市","townCode":330182202,"townName":"钦堂乡","startName":"安钦线","endName":"大溪边","startMilestone":0.000,"endMilestone":0.602,"startIsDemarc":null,"endIsDemarc":null,"startDemarcType":9,"isLinkUp":0,"isCity":0,"endDemarcType":9,"mileage":0.602,"technicalLevel":14,"technicalLevelName":"四级","isYfMotorway":0,"isYfMotorwayName":"否","laneCnt":1,"surfacePavingType":11,"surfacePavingTypeName":"沥青混凝土","surfaceMaterialType":"A","pavementWidth":5.00,"subgradeWidth":7.00,"surfaceThickness":null,"designSpeed":20.00,"seismicLevel":null,"seismicLevelName":"","floodFrequency":null,"floodFrequencyName":"","buildYear":2012,"rebuildYear":null,"lastMaintenanceYear":null,"breakChainType":0,"breakChainTypeName":"正常路段","isCityManagement":0,"isCityManagementName":"否","isDeadEnd":0,"isDeadEndName":"否","isFerry":0,"isFerryName":"否","isFerryVehicle":0,"isFerryVehicleName":"否","isLongChain":0,"isLongChainName":"未知","isRepeat":0,"isRepeatName":"否","reMainRoadNo":null,"reMainRoadName":null,"reMainRoadSectionNo":null,"reMainStartStation":null,"reMainEndStation":null,"reMainIsLongChain":null,"reMainIsLongChainName":null,"landform":null,"landformName":"","slopeLength":null,"slope":null,"culvertCnt":3,"maintenanceMileage":0.602,"canGreenMileage":0.602,"greenMileage":0.602,"maintUnitNature":null,"maintMgtUnit":"3320182","maintMgtUnitName":"建德市公路与运输发展中心(县乡)","maintUnitName":null,"supervisionUnitName":null,"chargeNature":1,"chargeNatureName":"非收费","interProvinceEntryExit":null,"interProvinceEntryExitName":"","beforeEndStation":0.602,"beforeStartStation":0.000,"beforeRoadNo":"C001330182","direction":"AB","directionName":"双向","isSeparating":null,"isSeparatingName":"未知","isTransferedMaintUnit":0,"isTransferedMaintUnitName":"否","limitLength":null,"limitWidth":null,"limitHeight":null,"limitWeight":null,"remark":null,"dataSource":2,"modifyReason":"10","isBuildCompleted":null,"geoAR":null,"geoDetection":null,"colorTrafficOS":-1,"colorRoadCondition":-1,"areaCodes":null},{"id":10000013,"versionYear":2024,"createTime":"2025-03-10 09:51:40","updateTime":"2025-03-24 16:58:02","isDel":0,"roadNo":"C001330182","roadName":"安钦线-大溪边","roadSectionNo":"C001330182002","governmentLevel":7,"governmentLevelName":"村道","cityCode":330100,"cityName":"杭州市","countyCode":330182,"countyName":"建德市","townCode":330182202,"townName":"钦堂乡","startName":"大溪边","endName":"大溪边","startMilestone":0.602,"endMilestone":0.727,"startIsDemarc":null,"endIsDemarc":null,"startDemarcType":9,"isLinkUp":0,"isCity":0,"endDemarcType":9,"mileage":0.125,"technicalLevel":14,"technicalLevelName":"四级","isYfMotorway":0,"isYfMotorwayName":"否","laneCnt":1,"surfacePavingType":11,"surfacePavingTypeName":"沥青混凝土","surfaceMaterialType":"A","pavementWidth":5.00,"subgradeWidth":7.00,"surfaceThickness":null,"designSpeed":20.00,"seismicLevel":null,"seismicLevelName":"","floodFrequency":null,"floodFrequencyName":"","buildYear":2012,"rebuildYear":null,"lastMaintenanceYear":null,"breakChainType":0,"breakChainTypeName":"正常路段","isCityManagement":0,"isCityManagementName":"否","isDeadEnd":0,"isDeadEndName":"否","isFerry":0,"isFerryName":"否","isFerryVehicle":0,"isFerryVehicleName":"否","isLongChain":0,"isLongChainName":"未知","isRepeat":0,"isRepeatName":"否","reMainRoadNo":null,"reMainRoadName":null,"reMainRoadSectionNo":null,"reMainStartStation":null,"reMainEndStation":null,"reMainIsLongChain":null,"reMainIsLongChainName":null,"landform":null,"landformName":"","slopeLength":null,"slope":null,"culvertCnt":0,"maintenanceMileage":0.125,"canGreenMileage":0.125,"greenMileage":0.125,"maintUnitNature":null,"maintMgtUnit":"3320182","maintMgtUnitName":"建德市公路与运输发展中心(县乡)","maintUnitName":null,"supervisionUnitName":null,"chargeNature":1,"chargeNatureName":"非收费","interProvinceEntryExit":null,"interProvinceEntryExitName":"","beforeEndStation":0.727,"beforeStartStation":0.602,"beforeRoadNo":"C001330182","direction":"AB","directionName":"双向","isSeparating":null,"isSeparatingName":"未知","isTransferedMaintUnit":0,"isTransferedMaintUnitName":"否","limitLength":null,"limitWidth":null,"limitHeight":null,"limitWeight":null,"remark":null,"dataSource":2,"modifyReason":"10","isBuildCompleted":null,"geoAR":null,"geoDetection":null,"colorTrafficOS":-1,"colorRoadCondition":-1,"areaCodes":null},{"id":10000014,"versionYear":2024,"createTime":"2025-03-10 09:51:40","updateTime":"2025-03-24 16:58:02","isDel":0,"roadNo":"C001330182","roadName":"安钦线-大溪边","roadSectionNo":"C001330182003","governmentLevel":7,"governmentLevelName":"村道","cityCode":330100,"cityName":"杭州市","countyCode":330182,"countyName":"建德市","townCode":330182202,"townName":"钦堂乡","startName":"大溪边","endName":"大溪边","startMilestone":0.727,"endMilestone":0.926,"startIsDemarc":null,"endIsDemarc":null,"startDemarcType":9,"isLinkUp":0,"isCity":0,"endDemarcType":9,"mileage":0.199,"technicalLevel":14,"technicalLevelName":"四级","isYfMotorway":0,"isYfMotorwayName":"否","laneCnt":1,"surfacePavingType":11,"surfacePavingTypeName":"沥青混凝土","surfaceMaterialType":"A","pavementWidth":5.00,"subgradeWidth":7.00,"surfaceThickness":null,"designSpeed":20.00,"seismicLevel":null,"seismicLevelName":"","floodFrequency":null,"floodFrequencyName":"","buildYear":2012,"rebuildYear":null,"lastMaintenanceYear":null,"breakChainType":0,"breakChainTypeName":"正常路段","isCityManagement":0,"isCityManagementName":"否","isDeadEnd":0,"isDeadEndName":"否","isFerry":0,"isFerryName":"否","isFerryVehicle":0,"isFerryVehicleName":"否","isLongChain":0,"isLongChainName":"未知","isRepeat":0,"isRepeatName":"否","reMainRoadNo":null,"reMainRoadName":null,"reMainRoadSectionNo":null,"reMainStartStation":null,"reMainEndStation":null,"reMainIsLongChain":null,"reMainIsLongChainName":null,"landform":null,"landformName":"","slopeLength":null,"slope":null,"culvertCnt":1,"maintenanceMileage":0.199,"canGreenMileage":0.199,"greenMileage":0.199,"maintUnitNature":null,"maintMgtUnit":"3320182","maintMgtUnitName":"建德市公路与运输发展中心(县乡)","maintUnitName":null,"supervisionUnitName":null,"chargeNature":1,"chargeNatureName":"非收费","interProvinceEntryExit":null,"interProvinceEntryExitName":"","beforeEndStation":0.926,"beforeStartStation":0.727,"beforeRoadNo":"C001330182","direction":"AB","directionName":"双向","isSeparating":null,"isSeparatingName":"未知","isTransferedMaintUnit":0,"isTransferedMaintUnitName":"否","limitLength":null,"limitWidth":null,"limitHeight":null,"limitWeight":null,"remark":null,"dataSource":2,"modifyReason":"10","isBuildCompleted":null,"geoAR":null,"geoDetection":null,"colorTrafficOS":-1,"colorRoadCondition":-1,"areaCodes":null}],"total":73866,"size":10,"current":1,"orders":[],"optimizeCountSql":true,"searchCount":true,"maxLimit":null,"countId":null,"pages":7387}}
elapsedMs: 724
==============================
]]></system-out>
  </testcase>
</testsuite>